[2016-03-04 21:42:45] user.INFO:  :: File [C:\xampp\htdocs\aculyse\app\install/relations/access_log.sql] [] []
[2016-03-04 21:42:45] user.INFO:  :: File [C:\xampp\htdocs\aculyse\app\install/relations/account_types.sql] [] []
[2016-03-04 21:42:45] user.INFO:  :: File [C:\xampp\htdocs\aculyse\app\install/relations/account_types.sql] [] []
[2016-03-04 21:42:45] user.INFO:  :: File [C:\xampp\htdocs\aculyse\app\install/relations/activity_log.sql] [] []
[2016-03-04 21:42:45] user.INFO:  :: File [C:\xampp\htdocs\aculyse\app\install/relations/activity_log.sql] [] []
[2016-03-04 21:42:45] user.INFO:  :: File [C:\xampp\htdocs\aculyse\app\install/relations/activity_log.sql] [] []
[2016-03-04 21:42:45] user.INFO:  :: File [C:\xampp\htdocs\aculyse\app\install/relations/classes.sql] [] []
[2016-03-04 21:42:45] user.INFO:  :: File [C:\xampp\htdocs\aculyse\app\install/relations/classes.sql] [] []
[2016-03-04 21:42:45] user.INFO:  :: File [C:\xampp\htdocs\aculyse\app\install/relations/classes.sql] [] []
[2016-03-04 21:42:45] user.INFO:  :: File [C:\xampp\htdocs\aculyse\app\install/relations/classes.sql] [] []
[2016-03-04 21:42:45] user.INFO:  :: File [C:\xampp\htdocs\aculyse\app\install/relations/licences.sql] [] []
[2016-03-04 21:42:45] user.INFO:  :: File [C:\xampp\htdocs\aculyse\app\install/relations/licences.sql] [] []
[2016-03-04 21:42:45] user.INFO:  :: File [C:\xampp\htdocs\aculyse\app\install/relations/licences.sql] [] []
[2016-03-04 21:42:45] user.INFO:  :: File [C:\xampp\htdocs\aculyse\app\install/relations/licences.sql] [] []
[2016-03-04 21:42:45] user.INFO:  :: File [C:\xampp\htdocs\aculyse\app\install/relations/licences.sql] [] []
[2016-03-04 21:42:45] user.INFO:  :: File [C:\xampp\htdocs\aculyse\app\install/relations/marks.sql] [] []
[2016-03-04 21:42:45] user.INFO:  :: File [C:\xampp\htdocs\aculyse\app\install/relations/marks.sql] [] []
[2016-03-04 21:42:45] user.INFO:  :: File [C:\xampp\htdocs\aculyse\app\install/relations/marks.sql] [] []
[2016-03-04 21:42:45] user.INFO:  :: File [C:\xampp\htdocs\aculyse\app\install/relations/marks.sql] [] []
[2016-03-04 21:42:45] user.INFO:  :: File [C:\xampp\htdocs\aculyse\app\install/relations/marks.sql] [] []
[2016-03-04 21:42:45] user.INFO:  :: File [C:\xampp\htdocs\aculyse\app\install/relations/marks.sql] [] []
[2016-03-04 21:42:45] user.INFO:  :: File [C:\xampp\htdocs\aculyse\app\install/relations/profiles.sql] [] []
[2016-03-04 21:42:45] user.INFO:  :: File [C:\xampp\htdocs\aculyse\app\install/relations/profiles.sql] [] []
[2016-03-04 21:42:45] user.INFO:  :: File [C:\xampp\htdocs\aculyse\app\install/relations/profiles.sql] [] []
[2016-03-04 21:42:45] user.INFO:  :: File [C:\xampp\htdocs\aculyse\app\install/relations/profiles.sql] [] []
[2016-03-04 21:42:45] user.INFO:  :: File [C:\xampp\htdocs\aculyse\app\install/relations/profiles.sql] [] []
[2016-03-04 21:42:45] user.INFO:  :: File [C:\xampp\htdocs\aculyse\app\install/relations/profiles.sql] [] []
[2016-03-04 21:42:45] user.INFO:  :: File [C:\xampp\htdocs\aculyse\app\install/relations/profiles.sql] [] []
[2016-03-04 21:42:45] user.INFO:  :: File [C:\xampp\htdocs\aculyse\app\install/relations/schools.sql] [] []
[2016-03-04 21:42:45] user.INFO:  :: File [C:\xampp\htdocs\aculyse\app\install/relations/schools.sql] [] []
[2016-03-04 21:42:45] user.INFO:  :: File [C:\xampp\htdocs\aculyse\app\install/relations/schools.sql] [] []
[2016-03-04 21:42:45] user.INFO:  :: File [C:\xampp\htdocs\aculyse\app\install/relations/schools.sql] [] []
[2016-03-04 21:42:45] user.INFO:  :: File [C:\xampp\htdocs\aculyse\app\install/relations/schools.sql] [] []
[2016-03-04 21:42:45] user.INFO:  :: File [C:\xampp\htdocs\aculyse\app\install/relations/schools.sql] [] []
[2016-03-04 21:42:45] user.INFO:  :: File [C:\xampp\htdocs\aculyse\app\install/relations/schools.sql] [] []
[2016-03-04 21:42:45] user.INFO:  :: File [C:\xampp\htdocs\aculyse\app\install/relations/schools.sql] [] []
[2016-03-04 21:42:45] user.INFO:  :: File [C:\xampp\htdocs\aculyse\app\install/relations/students.sql] [] []
[2016-03-04 21:42:45] user.INFO:  :: File [C:\xampp\htdocs\aculyse\app\install/relations/students.sql] [] []
[2016-03-04 21:42:45] user.INFO:  :: File [C:\xampp\htdocs\aculyse\app\install/relations/students.sql] [] []
[2016-03-04 21:42:45] user.INFO:  :: File [C:\xampp\htdocs\aculyse\app\install/relations/students.sql] [] []
[2016-03-04 21:42:45] user.INFO:  :: File [C:\xampp\htdocs\aculyse\app\install/relations/students.sql] [] []
[2016-03-04 21:42:45] user.INFO:  :: File [C:\xampp\htdocs\aculyse\app\install/relations/students.sql] [] []
[2016-03-04 21:42:45] user.INFO:  :: File [C:\xampp\htdocs\aculyse\app\install/relations/students.sql] [] []
[2016-03-04 21:42:45] user.INFO:  :: File [C:\xampp\htdocs\aculyse\app\install/relations/students.sql] [] []
[2016-03-04 21:42:45] user.INFO:  :: File [C:\xampp\htdocs\aculyse\app\install/relations/students.sql] [] []
[2016-03-04 21:42:45] user.INFO:  :: File [C:\xampp\htdocs\aculyse\app\install/relations/subjects.sql] [] []
[2016-03-04 21:42:45] user.INFO:  :: File [C:\xampp\htdocs\aculyse\app\install/relations/subjects.sql] [] []
[2016-03-04 21:42:45] user.INFO:  :: File [C:\xampp\htdocs\aculyse\app\install/relations/subjects.sql] [] []
[2016-03-04 21:42:45] user.INFO:  :: File [C:\xampp\htdocs\aculyse\app\install/relations/subjects.sql] [] []
[2016-03-04 21:42:45] user.INFO:  :: File [C:\xampp\htdocs\aculyse\app\install/relations/subjects.sql] [] []
[2016-03-04 21:42:45] user.INFO:  :: File [C:\xampp\htdocs\aculyse\app\install/relations/subjects.sql] [] []
[2016-03-04 21:42:45] user.INFO:  :: File [C:\xampp\htdocs\aculyse\app\install/relations/subjects.sql] [] []
[2016-03-04 21:42:45] user.INFO:  :: File [C:\xampp\htdocs\aculyse\app\install/relations/subjects.sql] [] []
[2016-03-04 21:42:45] user.INFO:  :: File [C:\xampp\htdocs\aculyse\app\install/relations/subjects.sql] [] []
[2016-03-04 21:42:45] user.INFO:  :: File [C:\xampp\htdocs\aculyse\app\install/relations/subjects.sql] [] []
[2016-03-04 21:42:45] user.INFO:  :: File [C:\xampp\htdocs\aculyse\app\install/relations/subjects_data.sql] [] []
[2016-03-04 21:42:45] user.INFO:  :: File [C:\xampp\htdocs\aculyse\app\install/relations/subjects_data.sql] [] []
[2016-03-04 21:42:45] user.INFO:  :: File [C:\xampp\htdocs\aculyse\app\install/relations/subjects_data.sql] [] []
[2016-03-04 21:42:45] user.INFO:  :: File [C:\xampp\htdocs\aculyse\app\install/relations/subjects_data.sql] [] []
[2016-03-04 21:42:45] user.INFO:  :: File [C:\xampp\htdocs\aculyse\app\install/relations/subjects_data.sql] [] []
[2016-03-04 21:42:45] user.INFO:  :: File [C:\xampp\htdocs\aculyse\app\install/relations/subjects_data.sql] [] []
[2016-03-04 21:42:45] user.INFO:  :: File [C:\xampp\htdocs\aculyse\app\install/relations/subjects_data.sql] [] []
[2016-03-04 21:42:45] user.INFO:  :: File [C:\xampp\htdocs\aculyse\app\install/relations/subjects_data.sql] [] []
[2016-03-04 21:42:45] user.INFO:  :: File [C:\xampp\htdocs\aculyse\app\install/relations/subjects_data.sql] [] []
[2016-03-04 21:42:45] user.INFO:  :: File [C:\xampp\htdocs\aculyse\app\install/relations/subjects_data.sql] [] []
[2016-03-04 21:42:45] user.INFO:  :: File [C:\xampp\htdocs\aculyse\app\install/relations/subjects_data.sql] [] []
[2016-03-04 21:42:45] user.INFO:  :: File [C:\xampp\htdocs\aculyse\app\install/relations/trs_and_subjects.sql] [] []
[2016-03-04 21:42:45] user.INFO:  :: File [C:\xampp\htdocs\aculyse\app\install/relations/trs_and_subjects.sql] [] []
[2016-03-04 21:42:45] user.INFO:  :: File [C:\xampp\htdocs\aculyse\app\install/relations/trs_and_subjects.sql] [] []
[2016-03-04 21:42:45] user.INFO:  :: File [C:\xampp\htdocs\aculyse\app\install/relations/trs_and_subjects.sql] [] []
[2016-03-04 21:42:45] user.INFO:  :: File [C:\xampp\htdocs\aculyse\app\install/relations/trs_and_subjects.sql] [] []
[2016-03-04 21:42:45] user.INFO:  :: File [C:\xampp\htdocs\aculyse\app\install/relations/trs_and_subjects.sql] [] []
[2016-03-04 21:42:45] user.INFO:  :: File [C:\xampp\htdocs\aculyse\app\install/relations/trs_and_subjects.sql] [] []
[2016-03-04 21:42:45] user.INFO:  :: File [C:\xampp\htdocs\aculyse\app\install/relations/trs_and_subjects.sql] [] []
[2016-03-04 21:42:45] user.INFO:  :: File [C:\xampp\htdocs\aculyse\app\install/relations/trs_and_subjects.sql] [] []
[2016-03-04 21:42:45] user.INFO:  :: File [C:\xampp\htdocs\aculyse\app\install/relations/trs_and_subjects.sql] [] []
[2016-03-04 21:42:45] user.INFO:  :: File [C:\xampp\htdocs\aculyse\app\install/relations/trs_and_subjects.sql] [] []
[2016-03-04 21:42:45] user.INFO:  :: File [C:\xampp\htdocs\aculyse\app\install/relations/trs_and_subjects.sql] [] []
[2016-03-04 21:42:45] user.INFO:  :: File [C:\xampp\htdocs\aculyse\app\install/relations/users.sql] [] []
[2016-03-04 21:42:45] user.INFO:  :: File [C:\xampp\htdocs\aculyse\app\install/relations/users.sql] [] []
[2016-03-04 21:42:45] user.INFO:  :: File [C:\xampp\htdocs\aculyse\app\install/relations/users.sql] [] []
[2016-03-04 21:42:45] user.INFO:  :: File [C:\xampp\htdocs\aculyse\app\install/relations/users.sql] [] []
[2016-03-04 21:42:45] user.INFO:  :: File [C:\xampp\htdocs\aculyse\app\install/relations/users.sql] [] []
[2016-03-04 21:42:45] user.INFO:  :: File [C:\xampp\htdocs\aculyse\app\install/relations/users.sql] [] []
[2016-03-04 21:42:45] user.INFO:  :: File [C:\xampp\htdocs\aculyse\app\install/relations/users.sql] [] []
[2016-03-04 21:42:45] user.INFO:  :: File [C:\xampp\htdocs\aculyse\app\install/relations/users.sql] [] []
[2016-03-04 21:42:45] user.INFO:  :: File [C:\xampp\htdocs\aculyse\app\install/relations/users.sql] [] []
[2016-03-04 21:42:45] user.INFO:  :: File [C:\xampp\htdocs\aculyse\app\install/relations/users.sql] [] []
[2016-03-04 21:42:45] user.INFO:  :: File [C:\xampp\htdocs\aculyse\app\install/relations/users.sql] [] []
[2016-03-04 21:42:45] user.INFO:  :: File [C:\xampp\htdocs\aculyse\app\install/relations/users.sql] [] []
[2016-03-04 21:42:45] user.INFO:  :: File [C:\xampp\htdocs\aculyse\app\install/relations/users.sql] [] []
[2016-03-04 21:42:45] user.INFO:  :: File [C:\xampp\htdocs\aculyse\app\install/relations/views/a_profile_marks_dropper.sql] [] []
[2016-03-04 21:42:45] user.INFO:  :: File [C:\xampp\htdocs\aculyse\app\install/relations/views/a_profile_marks_dropper.sql] [] []
[2016-03-04 21:42:45] user.INFO:  :: File [C:\xampp\htdocs\aculyse\app\install/relations/views/a_profile_marks_dropper.sql] [] []
[2016-03-04 21:42:45] user.INFO:  :: File [C:\xampp\htdocs\aculyse\app\install/relations/views/a_profile_marks_dropper.sql] [] []
[2016-03-04 21:42:45] user.INFO:  :: File [C:\xampp\htdocs\aculyse\app\install/relations/views/a_profile_marks_dropper.sql] [] []
[2016-03-04 21:42:45] user.INFO:  :: File [C:\xampp\htdocs\aculyse\app\install/relations/views/a_profile_marks_dropper.sql] [] []
[2016-03-04 21:42:45] user.INFO:  :: File [C:\xampp\htdocs\aculyse\app\install/relations/views/a_profile_marks_dropper.sql] [] []
[2016-03-04 21:42:45] user.INFO:  :: File [C:\xampp\htdocs\aculyse\app\install/relations/views/a_profile_marks_dropper.sql] [] []
[2016-03-04 21:42:45] user.INFO:  :: File [C:\xampp\htdocs\aculyse\app\install/relations/views/a_profile_marks_dropper.sql] [] []
[2016-03-04 21:42:45] user.INFO:  :: File [C:\xampp\htdocs\aculyse\app\install/relations/views/a_profile_marks_dropper.sql] [] []
[2016-03-04 21:42:45] user.INFO:  :: File [C:\xampp\htdocs\aculyse\app\install/relations/views/a_profile_marks_dropper.sql] [] []
[2016-03-04 21:42:45] user.INFO:  :: File [C:\xampp\htdocs\aculyse\app\install/relations/views/a_profile_marks_dropper.sql] [] []
[2016-03-04 21:42:45] user.INFO:  :: File [C:\xampp\htdocs\aculyse\app\install/relations/views/a_profile_marks_dropper.sql] [] []
[2016-03-04 21:42:45] user.INFO:  :: File [C:\xampp\htdocs\aculyse\app\install/relations/views/a_profile_marks_dropper.sql] [] []
[2016-03-04 21:42:45] user.INFO:  :: File [C:\xampp\htdocs\aculyse\app\install/relations/views/a_school_trs_dropper.sql] [] []
[2016-03-04 21:42:45] user.INFO:  :: File [C:\xampp\htdocs\aculyse\app\install/relations/views/a_school_trs_dropper.sql] [] []
[2016-03-04 21:42:45] user.INFO:  :: File [C:\xampp\htdocs\aculyse\app\install/relations/views/a_school_trs_dropper.sql] [] []
[2016-03-04 21:42:45] user.INFO:  :: File [C:\xampp\htdocs\aculyse\app\install/relations/views/a_school_trs_dropper.sql] [] []
[2016-03-04 21:42:45] user.INFO:  :: File [C:\xampp\htdocs\aculyse\app\install/relations/views/a_school_trs_dropper.sql] [] []
[2016-03-04 21:42:45] user.INFO:  :: File [C:\xampp\htdocs\aculyse\app\install/relations/views/a_school_trs_dropper.sql] [] []
[2016-03-04 21:42:45] user.INFO:  :: File [C:\xampp\htdocs\aculyse\app\install/relations/views/a_school_trs_dropper.sql] [] []
[2016-03-04 21:42:45] user.INFO:  :: File [C:\xampp\htdocs\aculyse\app\install/relations/views/a_school_trs_dropper.sql] [] []
[2016-03-04 21:42:45] user.INFO:  :: File [C:\xampp\htdocs\aculyse\app\install/relations/views/a_school_trs_dropper.sql] [] []
[2016-03-04 21:42:45] user.INFO:  :: File [C:\xampp\htdocs\aculyse\app\install/relations/views/a_school_trs_dropper.sql] [] []
[2016-03-04 21:42:45] user.INFO:  :: File [C:\xampp\htdocs\aculyse\app\install/relations/views/a_school_trs_dropper.sql] [] []
[2016-03-04 21:42:45] user.INFO:  :: File [C:\xampp\htdocs\aculyse\app\install/relations/views/a_school_trs_dropper.sql] [] []
[2016-03-04 21:42:45] user.INFO:  :: File [C:\xampp\htdocs\aculyse\app\install/relations/views/a_school_trs_dropper.sql] [] []
[2016-03-04 21:42:45] user.INFO:  :: File [C:\xampp\htdocs\aculyse\app\install/relations/views/a_school_trs_dropper.sql] [] []
[2016-03-04 21:42:45] user.INFO:  :: File [C:\xampp\htdocs\aculyse\app\install/relations/views/a_school_trs_dropper.sql] [] []
[2016-03-04 21:42:45] user.INFO:  :: File [C:\xampp\htdocs\aculyse\app\install/relations/views/a_trs_and_subjects_dropper.sql] [] []
[2016-03-04 21:42:45] user.INFO:  :: File [C:\xampp\htdocs\aculyse\app\install/relations/views/a_trs_and_subjects_dropper.sql] [] []
[2016-03-04 21:42:45] user.INFO:  :: File [C:\xampp\htdocs\aculyse\app\install/relations/views/a_trs_and_subjects_dropper.sql] [] []
[2016-03-04 21:42:45] user.INFO:  :: File [C:\xampp\htdocs\aculyse\app\install/relations/views/a_trs_and_subjects_dropper.sql] [] []
[2016-03-04 21:42:45] user.INFO:  :: File [C:\xampp\htdocs\aculyse\app\install/relations/views/a_trs_and_subjects_dropper.sql] [] []
[2016-03-04 21:42:45] user.INFO:  :: File [C:\xampp\htdocs\aculyse\app\install/relations/views/a_trs_and_subjects_dropper.sql] [] []
[2016-03-04 21:42:45] user.INFO:  :: File [C:\xampp\htdocs\aculyse\app\install/relations/views/a_trs_and_subjects_dropper.sql] [] []
[2016-03-04 21:42:45] user.INFO:  :: File [C:\xampp\htdocs\aculyse\app\install/relations/views/a_trs_and_subjects_dropper.sql] [] []
[2016-03-04 21:42:45] user.INFO:  :: File [C:\xampp\htdocs\aculyse\app\install/relations/views/a_trs_and_subjects_dropper.sql] [] []
[2016-03-04 21:42:45] user.INFO:  :: File [C:\xampp\htdocs\aculyse\app\install/relations/views/a_trs_and_subjects_dropper.sql] [] []
[2016-03-04 21:42:45] user.INFO:  :: File [C:\xampp\htdocs\aculyse\app\install/relations/views/a_trs_and_subjects_dropper.sql] [] []
[2016-03-04 21:42:45] user.INFO:  :: File [C:\xampp\htdocs\aculyse\app\install/relations/views/a_trs_and_subjects_dropper.sql] [] []
[2016-03-04 21:42:45] user.INFO:  :: File [C:\xampp\htdocs\aculyse\app\install/relations/views/a_trs_and_subjects_dropper.sql] [] []
[2016-03-04 21:42:45] user.INFO:  :: File [C:\xampp\htdocs\aculyse\app\install/relations/views/a_trs_and_subjects_dropper.sql] [] []
[2016-03-04 21:42:45] user.INFO:  :: File [C:\xampp\htdocs\aculyse\app\install/relations/views/a_trs_and_subjects_dropper.sql] [] []
[2016-03-04 21:42:45] user.INFO:  :: File [C:\xampp\htdocs\aculyse\app\install/relations/views/a_trs_and_subjects_dropper.sql] [] []
[2016-03-04 21:42:45] user.INFO:  :: File [C:\xampp\htdocs\aculyse\app\install/relations/views/profile_marks_view.sql] [] []
[2016-03-04 21:42:45] user.INFO:  :: File [C:\xampp\htdocs\aculyse\app\install/relations/views/profile_marks_view.sql] [] []
[2016-03-04 21:42:45] user.INFO:  :: File [C:\xampp\htdocs\aculyse\app\install/relations/views/profile_marks_view.sql] [] []
[2016-03-04 21:42:45] user.INFO:  :: File [C:\xampp\htdocs\aculyse\app\install/relations/views/profile_marks_view.sql] [] []
[2016-03-04 21:42:45] user.INFO:  :: File [C:\xampp\htdocs\aculyse\app\install/relations/views/profile_marks_view.sql] [] []
[2016-03-04 21:42:45] user.INFO:  :: File [C:\xampp\htdocs\aculyse\app\install/relations/views/profile_marks_view.sql] [] []
[2016-03-04 21:42:45] user.INFO:  :: File [C:\xampp\htdocs\aculyse\app\install/relations/views/profile_marks_view.sql] [] []
[2016-03-04 21:42:45] user.INFO:  :: File [C:\xampp\htdocs\aculyse\app\install/relations/views/profile_marks_view.sql] [] []
[2016-03-04 21:42:45] user.INFO:  :: File [C:\xampp\htdocs\aculyse\app\install/relations/views/profile_marks_view.sql] [] []
[2016-03-04 21:42:45] user.INFO:  :: File [C:\xampp\htdocs\aculyse\app\install/relations/views/profile_marks_view.sql] [] []
[2016-03-04 21:42:45] user.INFO:  :: File [C:\xampp\htdocs\aculyse\app\install/relations/views/profile_marks_view.sql] [] []
[2016-03-04 21:42:45] user.INFO:  :: File [C:\xampp\htdocs\aculyse\app\install/relations/views/profile_marks_view.sql] [] []
[2016-03-04 21:42:45] user.INFO:  :: File [C:\xampp\htdocs\aculyse\app\install/relations/views/profile_marks_view.sql] [] []
[2016-03-04 21:42:45] user.INFO:  :: File [C:\xampp\htdocs\aculyse\app\install/relations/views/profile_marks_view.sql] [] []
[2016-03-04 21:42:45] user.INFO:  :: File [C:\xampp\htdocs\aculyse\app\install/relations/views/profile_marks_view.sql] [] []
[2016-03-04 21:42:45] user.INFO:  :: File [C:\xampp\htdocs\aculyse\app\install/relations/views/profile_marks_view.sql] [] []
[2016-03-04 21:42:45] user.INFO:  :: File [C:\xampp\htdocs\aculyse\app\install/relations/views/profile_marks_view.sql] [] []
[2016-03-04 21:42:45] user.INFO:  :: File [C:\xampp\htdocs\aculyse\app\install/relations/views/school_trs_view.sql] [] []
[2016-03-04 21:42:45] user.INFO:  :: File [C:\xampp\htdocs\aculyse\app\install/relations/views/school_trs_view.sql] [] []
[2016-03-04 21:42:45] user.INFO:  :: File [C:\xampp\htdocs\aculyse\app\install/relations/views/school_trs_view.sql] [] []
[2016-03-04 21:42:45] user.INFO:  :: File [C:\xampp\htdocs\aculyse\app\install/relations/views/school_trs_view.sql] [] []
[2016-03-04 21:42:45] user.INFO:  :: File [C:\xampp\htdocs\aculyse\app\install/relations/views/school_trs_view.sql] [] []
[2016-03-04 21:42:45] user.INFO:  :: File [C:\xampp\htdocs\aculyse\app\install/relations/views/school_trs_view.sql] [] []
[2016-03-04 21:42:45] user.INFO:  :: File [C:\xampp\htdocs\aculyse\app\install/relations/views/school_trs_view.sql] [] []
[2016-03-04 21:42:45] user.INFO:  :: File [C:\xampp\htdocs\aculyse\app\install/relations/views/school_trs_view.sql] [] []
[2016-03-04 21:42:45] user.INFO:  :: File [C:\xampp\htdocs\aculyse\app\install/relations/views/school_trs_view.sql] [] []
[2016-03-04 21:42:45] user.INFO:  :: File [C:\xampp\htdocs\aculyse\app\install/relations/views/school_trs_view.sql] [] []
[2016-03-04 21:42:45] user.INFO:  :: File [C:\xampp\htdocs\aculyse\app\install/relations/views/school_trs_view.sql] [] []
[2016-03-04 21:42:45] user.INFO:  :: File [C:\xampp\htdocs\aculyse\app\install/relations/views/school_trs_view.sql] [] []
[2016-03-04 21:42:45] user.INFO:  :: File [C:\xampp\htdocs\aculyse\app\install/relations/views/school_trs_view.sql] [] []
[2016-03-04 21:42:45] user.INFO:  :: File [C:\xampp\htdocs\aculyse\app\install/relations/views/school_trs_view.sql] [] []
[2016-03-04 21:42:45] user.INFO:  :: File [C:\xampp\htdocs\aculyse\app\install/relations/views/school_trs_view.sql] [] []
[2016-03-04 21:42:45] user.INFO:  :: File [C:\xampp\htdocs\aculyse\app\install/relations/views/school_trs_view.sql] [] []
[2016-03-04 21:42:45] user.INFO:  :: File [C:\xampp\htdocs\aculyse\app\install/relations/views/school_trs_view.sql] [] []
[2016-03-04 21:42:45] user.INFO:  :: File [C:\xampp\htdocs\aculyse\app\install/relations/views/school_trs_view.sql] [] []
[2016-03-04 21:42:45] user.INFO:  :: File [C:\xampp\htdocs\aculyse\app\install/relations/views/trs_and_subjects_view.sql] [] []
[2016-03-04 21:42:45] user.INFO:  :: File [C:\xampp\htdocs\aculyse\app\install/relations/views/trs_and_subjects_view.sql] [] []
[2016-03-04 21:42:45] user.INFO:  :: File [C:\xampp\htdocs\aculyse\app\install/relations/views/trs_and_subjects_view.sql] [] []
[2016-03-04 21:42:45] user.INFO:  :: File [C:\xampp\htdocs\aculyse\app\install/relations/views/trs_and_subjects_view.sql] [] []
[2016-03-04 21:42:45] user.INFO:  :: File [C:\xampp\htdocs\aculyse\app\install/relations/views/trs_and_subjects_view.sql] [] []
[2016-03-04 21:42:45] user.INFO:  :: File [C:\xampp\htdocs\aculyse\app\install/relations/views/trs_and_subjects_view.sql] [] []
[2016-03-04 21:42:45] user.INFO:  :: File [C:\xampp\htdocs\aculyse\app\install/relations/views/trs_and_subjects_view.sql] [] []
[2016-03-04 21:42:45] user.INFO:  :: File [C:\xampp\htdocs\aculyse\app\install/relations/views/trs_and_subjects_view.sql] [] []
[2016-03-04 21:42:45] user.INFO:  :: File [C:\xampp\htdocs\aculyse\app\install/relations/views/trs_and_subjects_view.sql] [] []
[2016-03-04 21:42:45] user.INFO:  :: File [C:\xampp\htdocs\aculyse\app\install/relations/views/trs_and_subjects_view.sql] [] []
[2016-03-04 21:42:45] user.INFO:  :: File [C:\xampp\htdocs\aculyse\app\install/relations/views/trs_and_subjects_view.sql] [] []
[2016-03-04 21:42:45] user.INFO:  :: File [C:\xampp\htdocs\aculyse\app\install/relations/views/trs_and_subjects_view.sql] [] []
[2016-03-04 21:42:45] user.INFO:  :: File [C:\xampp\htdocs\aculyse\app\install/relations/views/trs_and_subjects_view.sql] [] []
[2016-03-04 21:42:45] user.INFO:  :: File [C:\xampp\htdocs\aculyse\app\install/relations/views/trs_and_subjects_view.sql] [] []
[2016-03-04 21:42:45] user.INFO:  :: File [C:\xampp\htdocs\aculyse\app\install/relations/views/trs_and_subjects_view.sql] [] []
[2016-03-04 21:42:45] user.INFO:  :: File [C:\xampp\htdocs\aculyse\app\install/relations/views/trs_and_subjects_view.sql] [] []
[2016-03-04 21:42:45] user.INFO:  :: File [C:\xampp\htdocs\aculyse\app\install/relations/views/trs_and_subjects_view.sql] [] []
[2016-03-04 21:42:45] user.INFO:  :: File [C:\xampp\htdocs\aculyse\app\install/relations/views/trs_and_subjects_view.sql] [] []
[2016-03-04 21:42:45] user.INFO:  :: File [C:\xampp\htdocs\aculyse\app\install/relations/views/trs_and_subjects_view.sql] [] []
[2016-03-04 21:46:31] user.INFO: Table 'profiles_and_marks' already exists :: File [C:\xampp\htdocs\aculyse\app\install/relations/views/profile_marks_view.sql] [] []
[2016-03-04 21:46:31] user.INFO: Table 'school_trs_view' already exists :: File [C:\xampp\htdocs\aculyse\app\install/relations/views/school_trs_view.sql] [] []
[2016-03-04 21:46:31] user.INFO: Table 'school_trs_view' already exists :: File [C:\xampp\htdocs\aculyse\app\install/relations/views/school_trs_view.sql] [] []
[2016-03-04 21:46:31] user.INFO: Table 'teacher_with_their_subjects' already exists :: File [C:\xampp\htdocs\aculyse\app\install/relations/views/trs_and_subjects_view.sql] [] []
[2016-03-04 21:46:31] user.INFO: Table 'teacher_with_their_subjects' already exists :: File [C:\xampp\htdocs\aculyse\app\install/relations/views/trs_and_subjects_view.sql] [] []
[2016-03-04 21:46:31] user.INFO: Table 'teacher_with_their_subjects' already exists :: File [C:\xampp\htdocs\aculyse\app\install/relations/views/trs_and_subjects_view.sql] [] []
[2016-03-04 21:46:35] user.INFO: Table 'profiles_and_marks' already exists :: File [C:\xampp\htdocs\aculyse\app\install/relations/views/profile_marks_view.sql] [] []
[2016-03-04 21:46:35] user.INFO: Table 'school_trs_view' already exists :: File [C:\xampp\htdocs\aculyse\app\install/relations/views/school_trs_view.sql] [] []
[2016-03-04 21:46:35] user.INFO: Table 'school_trs_view' already exists :: File [C:\xampp\htdocs\aculyse\app\install/relations/views/school_trs_view.sql] [] []
[2016-03-04 21:46:35] user.INFO: Table 'teacher_with_their_subjects' already exists :: File [C:\xampp\htdocs\aculyse\app\install/relations/views/trs_and_subjects_view.sql] [] []
[2016-03-04 21:46:35] user.INFO: Table 'teacher_with_their_subjects' already exists :: File [C:\xampp\htdocs\aculyse\app\install/relations/views/trs_and_subjects_view.sql] [] []
[2016-03-04 21:46:35] user.INFO: Table 'teacher_with_their_subjects' already exists :: File [C:\xampp\htdocs\aculyse\app\install/relations/views/trs_and_subjects_view.sql] [] []
[2016-03-04 21:46:39] user.INFO: Table 'profiles_and_marks' already exists :: File [C:\xampp\htdocs\aculyse\app\install/relations/views/profile_marks_view.sql] [] []
[2016-03-04 21:46:39] user.INFO: Table 'school_trs_view' already exists :: File [C:\xampp\htdocs\aculyse\app\install/relations/views/school_trs_view.sql] [] []
[2016-03-04 21:46:39] user.INFO: Table 'school_trs_view' already exists :: File [C:\xampp\htdocs\aculyse\app\install/relations/views/school_trs_view.sql] [] []
[2016-03-04 21:46:39] user.INFO: Table 'teacher_with_their_subjects' already exists :: File [C:\xampp\htdocs\aculyse\app\install/relations/views/trs_and_subjects_view.sql] [] []
[2016-03-04 21:46:39] user.INFO: Table 'teacher_with_their_subjects' already exists :: File [C:\xampp\htdocs\aculyse\app\install/relations/views/trs_and_subjects_view.sql] [] []
[2016-03-04 21:46:39] user.INFO: Table 'teacher_with_their_subjects' already exists :: File [C:\xampp\htdocs\aculyse\app\install/relations/views/trs_and_subjects_view.sql] [] []
[2016-03-05 08:25:29] user.INFO:  :: File [C:\xampp\htdocs\aculyse\app\install/relations/access_log.sql] [] []
[2016-03-05 08:25:29] user.INFO:  :: File [C:\xampp\htdocs\aculyse\app\install/relations/account_types.sql] [] []
[2016-03-05 08:25:29] user.INFO:  :: File [C:\xampp\htdocs\aculyse\app\install/relations/account_types.sql] [] []
[2016-03-05 08:25:29] user.INFO:  :: File [C:\xampp\htdocs\aculyse\app\install/relations/activity_log.sql] [] []
[2016-03-05 08:25:29] user.INFO:  :: File [C:\xampp\htdocs\aculyse\app\install/relations/activity_log.sql] [] []
[2016-03-05 08:25:29] user.INFO:  :: File [C:\xampp\htdocs\aculyse\app\install/relations/activity_log.sql] [] []
[2016-03-05 08:25:29] user.INFO:  :: File [C:\xampp\htdocs\aculyse\app\install/relations/classes.sql] [] []
[2016-03-05 08:25:29] user.INFO:  :: File [C:\xampp\htdocs\aculyse\app\install/relations/classes.sql] [] []
[2016-03-05 08:25:29] user.INFO:  :: File [C:\xampp\htdocs\aculyse\app\install/relations/classes.sql] [] []
[2016-03-05 08:25:29] user.INFO:  :: File [C:\xampp\htdocs\aculyse\app\install/relations/classes.sql] [] []
[2016-03-05 08:25:29] user.INFO:  :: File [C:\xampp\htdocs\aculyse\app\install/relations/licences.sql] [] []
[2016-03-05 08:25:29] user.INFO:  :: File [C:\xampp\htdocs\aculyse\app\install/relations/licences.sql] [] []
[2016-03-05 08:25:29] user.INFO:  :: File [C:\xampp\htdocs\aculyse\app\install/relations/licences.sql] [] []
[2016-03-05 08:25:29] user.INFO:  :: File [C:\xampp\htdocs\aculyse\app\install/relations/licences.sql] [] []
[2016-03-05 08:25:29] user.INFO:  :: File [C:\xampp\htdocs\aculyse\app\install/relations/licences.sql] [] []
[2016-03-05 08:25:29] user.INFO:  :: File [C:\xampp\htdocs\aculyse\app\install/relations/marks.sql] [] []
[2016-03-05 08:25:29] user.INFO:  :: File [C:\xampp\htdocs\aculyse\app\install/relations/marks.sql] [] []
[2016-03-05 08:25:29] user.INFO:  :: File [C:\xampp\htdocs\aculyse\app\install/relations/marks.sql] [] []
[2016-03-05 08:25:29] user.INFO:  :: File [C:\xampp\htdocs\aculyse\app\install/relations/marks.sql] [] []
[2016-03-05 08:25:29] user.INFO:  :: File [C:\xampp\htdocs\aculyse\app\install/relations/marks.sql] [] []
[2016-03-05 08:25:29] user.INFO:  :: File [C:\xampp\htdocs\aculyse\app\install/relations/marks.sql] [] []
[2016-03-05 08:25:29] user.INFO:  :: File [C:\xampp\htdocs\aculyse\app\install/relations/profiles.sql] [] []
[2016-03-05 08:25:29] user.INFO:  :: File [C:\xampp\htdocs\aculyse\app\install/relations/profiles.sql] [] []
[2016-03-05 08:25:29] user.INFO:  :: File [C:\xampp\htdocs\aculyse\app\install/relations/profiles.sql] [] []
[2016-03-05 08:25:29] user.INFO:  :: File [C:\xampp\htdocs\aculyse\app\install/relations/profiles.sql] [] []
[2016-03-05 08:25:29] user.INFO:  :: File [C:\xampp\htdocs\aculyse\app\install/relations/profiles.sql] [] []
[2016-03-05 08:25:29] user.INFO:  :: File [C:\xampp\htdocs\aculyse\app\install/relations/profiles.sql] [] []
[2016-03-05 08:25:29] user.INFO:  :: File [C:\xampp\htdocs\aculyse\app\install/relations/profiles.sql] [] []
[2016-03-05 08:25:29] user.INFO:  :: File [C:\xampp\htdocs\aculyse\app\install/relations/schools.sql] [] []
[2016-03-05 08:25:29] user.INFO:  :: File [C:\xampp\htdocs\aculyse\app\install/relations/schools.sql] [] []
[2016-03-05 08:25:29] user.INFO:  :: File [C:\xampp\htdocs\aculyse\app\install/relations/schools.sql] [] []
[2016-03-05 08:25:29] user.INFO:  :: File [C:\xampp\htdocs\aculyse\app\install/relations/schools.sql] [] []
[2016-03-05 08:25:29] user.INFO:  :: File [C:\xampp\htdocs\aculyse\app\install/relations/schools.sql] [] []
[2016-03-05 08:25:29] user.INFO:  :: File [C:\xampp\htdocs\aculyse\app\install/relations/schools.sql] [] []
[2016-03-05 08:25:29] user.INFO:  :: File [C:\xampp\htdocs\aculyse\app\install/relations/schools.sql] [] []
[2016-03-05 08:25:29] user.INFO:  :: File [C:\xampp\htdocs\aculyse\app\install/relations/schools.sql] [] []
[2016-03-05 08:25:29] user.INFO:  :: File [C:\xampp\htdocs\aculyse\app\install/relations/students.sql] [] []
[2016-03-05 08:25:29] user.INFO:  :: File [C:\xampp\htdocs\aculyse\app\install/relations/students.sql] [] []
[2016-03-05 08:25:29] user.INFO:  :: File [C:\xampp\htdocs\aculyse\app\install/relations/students.sql] [] []
[2016-03-05 08:25:29] user.INFO:  :: File [C:\xampp\htdocs\aculyse\app\install/relations/students.sql] [] []
[2016-03-05 08:25:29] user.INFO:  :: File [C:\xampp\htdocs\aculyse\app\install/relations/students.sql] [] []
[2016-03-05 08:25:29] user.INFO:  :: File [C:\xampp\htdocs\aculyse\app\install/relations/students.sql] [] []
[2016-03-05 08:25:29] user.INFO:  :: File [C:\xampp\htdocs\aculyse\app\install/relations/students.sql] [] []
[2016-03-05 08:25:29] user.INFO:  :: File [C:\xampp\htdocs\aculyse\app\install/relations/students.sql] [] []
[2016-03-05 08:25:29] user.INFO:  :: File [C:\xampp\htdocs\aculyse\app\install/relations/students.sql] [] []
[2016-03-05 08:25:29] user.INFO:  :: File [C:\xampp\htdocs\aculyse\app\install/relations/subjects.sql] [] []
[2016-03-05 08:25:29] user.INFO:  :: File [C:\xampp\htdocs\aculyse\app\install/relations/subjects.sql] [] []
[2016-03-05 08:25:29] user.INFO:  :: File [C:\xampp\htdocs\aculyse\app\install/relations/subjects.sql] [] []
[2016-03-05 08:25:29] user.INFO:  :: File [C:\xampp\htdocs\aculyse\app\install/relations/subjects.sql] [] []
[2016-03-05 08:25:29] user.INFO:  :: File [C:\xampp\htdocs\aculyse\app\install/relations/subjects.sql] [] []
[2016-03-05 08:25:29] user.INFO:  :: File [C:\xampp\htdocs\aculyse\app\install/relations/subjects.sql] [] []
[2016-03-05 08:25:29] user.INFO:  :: File [C:\xampp\htdocs\aculyse\app\install/relations/subjects.sql] [] []
[2016-03-05 08:25:29] user.INFO:  :: File [C:\xampp\htdocs\aculyse\app\install/relations/subjects.sql] [] []
[2016-03-05 08:25:29] user.INFO:  :: File [C:\xampp\htdocs\aculyse\app\install/relations/subjects.sql] [] []
[2016-03-05 08:25:29] user.INFO:  :: File [C:\xampp\htdocs\aculyse\app\install/relations/subjects.sql] [] []
[2016-03-05 08:25:30] user.INFO:  :: File [C:\xampp\htdocs\aculyse\app\install/relations/subjects_data.sql] [] []
[2016-03-05 08:25:30] user.INFO:  :: File [C:\xampp\htdocs\aculyse\app\install/relations/subjects_data.sql] [] []
[2016-03-05 08:25:30] user.INFO:  :: File [C:\xampp\htdocs\aculyse\app\install/relations/subjects_data.sql] [] []
[2016-03-05 08:25:30] user.INFO:  :: File [C:\xampp\htdocs\aculyse\app\install/relations/subjects_data.sql] [] []
[2016-03-05 08:25:30] user.INFO:  :: File [C:\xampp\htdocs\aculyse\app\install/relations/subjects_data.sql] [] []
[2016-03-05 08:25:30] user.INFO:  :: File [C:\xampp\htdocs\aculyse\app\install/relations/subjects_data.sql] [] []
[2016-03-05 08:25:30] user.INFO:  :: File [C:\xampp\htdocs\aculyse\app\install/relations/subjects_data.sql] [] []
[2016-03-05 08:25:30] user.INFO:  :: File [C:\xampp\htdocs\aculyse\app\install/relations/subjects_data.sql] [] []
[2016-03-05 08:25:30] user.INFO:  :: File [C:\xampp\htdocs\aculyse\app\install/relations/subjects_data.sql] [] []
[2016-03-05 08:25:30] user.INFO:  :: File [C:\xampp\htdocs\aculyse\app\install/relations/subjects_data.sql] [] []
[2016-03-05 08:25:30] user.INFO:  :: File [C:\xampp\htdocs\aculyse\app\install/relations/subjects_data.sql] [] []
[2016-03-05 08:25:30] user.INFO:  :: File [C:\xampp\htdocs\aculyse\app\install/relations/trs_and_subjects.sql] [] []
[2016-03-05 08:25:30] user.INFO:  :: File [C:\xampp\htdocs\aculyse\app\install/relations/trs_and_subjects.sql] [] []
[2016-03-05 08:25:30] user.INFO:  :: File [C:\xampp\htdocs\aculyse\app\install/relations/trs_and_subjects.sql] [] []
[2016-03-05 08:25:30] user.INFO:  :: File [C:\xampp\htdocs\aculyse\app\install/relations/trs_and_subjects.sql] [] []
[2016-03-05 08:25:30] user.INFO:  :: File [C:\xampp\htdocs\aculyse\app\install/relations/trs_and_subjects.sql] [] []
[2016-03-05 08:25:30] user.INFO:  :: File [C:\xampp\htdocs\aculyse\app\install/relations/trs_and_subjects.sql] [] []
[2016-03-05 08:25:30] user.INFO:  :: File [C:\xampp\htdocs\aculyse\app\install/relations/trs_and_subjects.sql] [] []
[2016-03-05 08:25:30] user.INFO:  :: File [C:\xampp\htdocs\aculyse\app\install/relations/trs_and_subjects.sql] [] []
[2016-03-05 08:25:30] user.INFO:  :: File [C:\xampp\htdocs\aculyse\app\install/relations/trs_and_subjects.sql] [] []
[2016-03-05 08:25:30] user.INFO:  :: File [C:\xampp\htdocs\aculyse\app\install/relations/trs_and_subjects.sql] [] []
[2016-03-05 08:25:30] user.INFO:  :: File [C:\xampp\htdocs\aculyse\app\install/relations/trs_and_subjects.sql] [] []
[2016-03-05 08:25:30] user.INFO:  :: File [C:\xampp\htdocs\aculyse\app\install/relations/trs_and_subjects.sql] [] []
[2016-03-05 08:25:30] user.INFO:  :: File [C:\xampp\htdocs\aculyse\app\install/relations/users.sql] [] []
[2016-03-05 08:25:30] user.INFO:  :: File [C:\xampp\htdocs\aculyse\app\install/relations/users.sql] [] []
[2016-03-05 08:25:30] user.INFO:  :: File [C:\xampp\htdocs\aculyse\app\install/relations/users.sql] [] []
[2016-03-05 08:25:30] user.INFO:  :: File [C:\xampp\htdocs\aculyse\app\install/relations/users.sql] [] []
[2016-03-05 08:25:30] user.INFO:  :: File [C:\xampp\htdocs\aculyse\app\install/relations/users.sql] [] []
[2016-03-05 08:25:30] user.INFO:  :: File [C:\xampp\htdocs\aculyse\app\install/relations/users.sql] [] []
[2016-03-05 08:25:30] user.INFO:  :: File [C:\xampp\htdocs\aculyse\app\install/relations/users.sql] [] []
[2016-03-05 08:25:30] user.INFO:  :: File [C:\xampp\htdocs\aculyse\app\install/relations/users.sql] [] []
[2016-03-05 08:25:30] user.INFO:  :: File [C:\xampp\htdocs\aculyse\app\install/relations/users.sql] [] []
[2016-03-05 08:25:30] user.INFO:  :: File [C:\xampp\htdocs\aculyse\app\install/relations/users.sql] [] []
[2016-03-05 08:25:30] user.INFO:  :: File [C:\xampp\htdocs\aculyse\app\install/relations/users.sql] [] []
[2016-03-05 08:25:30] user.INFO:  :: File [C:\xampp\htdocs\aculyse\app\install/relations/users.sql] [] []
[2016-03-05 08:25:30] user.INFO:  :: File [C:\xampp\htdocs\aculyse\app\install/relations/users.sql] [] []
[2016-03-05 08:25:30] user.INFO:  :: File [C:\xampp\htdocs\aculyse\app\install/relations/views/a_profile_marks_dropper.sql] [] []
[2016-03-05 08:25:30] user.INFO:  :: File [C:\xampp\htdocs\aculyse\app\install/relations/views/a_profile_marks_dropper.sql] [] []
[2016-03-05 08:25:30] user.INFO:  :: File [C:\xampp\htdocs\aculyse\app\install/relations/views/a_profile_marks_dropper.sql] [] []
[2016-03-05 08:25:30] user.INFO:  :: File [C:\xampp\htdocs\aculyse\app\install/relations/views/a_profile_marks_dropper.sql] [] []
[2016-03-05 08:25:30] user.INFO:  :: File [C:\xampp\htdocs\aculyse\app\install/relations/views/a_profile_marks_dropper.sql] [] []
[2016-03-05 08:25:30] user.INFO:  :: File [C:\xampp\htdocs\aculyse\app\install/relations/views/a_profile_marks_dropper.sql] [] []
[2016-03-05 08:25:30] user.INFO:  :: File [C:\xampp\htdocs\aculyse\app\install/relations/views/a_profile_marks_dropper.sql] [] []
[2016-03-05 08:25:30] user.INFO:  :: File [C:\xampp\htdocs\aculyse\app\install/relations/views/a_profile_marks_dropper.sql] [] []
[2016-03-05 08:25:30] user.INFO:  :: File [C:\xampp\htdocs\aculyse\app\install/relations/views/a_profile_marks_dropper.sql] [] []
[2016-03-05 08:25:30] user.INFO:  :: File [C:\xampp\htdocs\aculyse\app\install/relations/views/a_profile_marks_dropper.sql] [] []
[2016-03-05 08:25:30] user.INFO:  :: File [C:\xampp\htdocs\aculyse\app\install/relations/views/a_profile_marks_dropper.sql] [] []
[2016-03-05 08:25:30] user.INFO:  :: File [C:\xampp\htdocs\aculyse\app\install/relations/views/a_profile_marks_dropper.sql] [] []
[2016-03-05 08:25:30] user.INFO:  :: File [C:\xampp\htdocs\aculyse\app\install/relations/views/a_profile_marks_dropper.sql] [] []
[2016-03-05 08:25:30] user.INFO:  :: File [C:\xampp\htdocs\aculyse\app\install/relations/views/a_profile_marks_dropper.sql] [] []
[2016-03-05 08:25:30] user.INFO:  :: File [C:\xampp\htdocs\aculyse\app\install/relations/views/a_school_trs_dropper.sql] [] []
[2016-03-05 08:25:30] user.INFO:  :: File [C:\xampp\htdocs\aculyse\app\install/relations/views/a_school_trs_dropper.sql] [] []
[2016-03-05 08:25:30] user.INFO:  :: File [C:\xampp\htdocs\aculyse\app\install/relations/views/a_school_trs_dropper.sql] [] []
[2016-03-05 08:25:30] user.INFO:  :: File [C:\xampp\htdocs\aculyse\app\install/relations/views/a_school_trs_dropper.sql] [] []
[2016-03-05 08:25:30] user.INFO:  :: File [C:\xampp\htdocs\aculyse\app\install/relations/views/a_school_trs_dropper.sql] [] []
[2016-03-05 08:25:30] user.INFO:  :: File [C:\xampp\htdocs\aculyse\app\install/relations/views/a_school_trs_dropper.sql] [] []
[2016-03-05 08:25:30] user.INFO:  :: File [C:\xampp\htdocs\aculyse\app\install/relations/views/a_school_trs_dropper.sql] [] []
[2016-03-05 08:25:30] user.INFO:  :: File [C:\xampp\htdocs\aculyse\app\install/relations/views/a_school_trs_dropper.sql] [] []
[2016-03-05 08:25:30] user.INFO:  :: File [C:\xampp\htdocs\aculyse\app\install/relations/views/a_school_trs_dropper.sql] [] []
[2016-03-05 08:25:30] user.INFO:  :: File [C:\xampp\htdocs\aculyse\app\install/relations/views/a_school_trs_dropper.sql] [] []
[2016-03-05 08:25:30] user.INFO:  :: File [C:\xampp\htdocs\aculyse\app\install/relations/views/a_school_trs_dropper.sql] [] []
[2016-03-05 08:25:30] user.INFO:  :: File [C:\xampp\htdocs\aculyse\app\install/relations/views/a_school_trs_dropper.sql] [] []
[2016-03-05 08:25:30] user.INFO:  :: File [C:\xampp\htdocs\aculyse\app\install/relations/views/a_school_trs_dropper.sql] [] []
[2016-03-05 08:25:30] user.INFO:  :: File [C:\xampp\htdocs\aculyse\app\install/relations/views/a_school_trs_dropper.sql] [] []
[2016-03-05 08:25:30] user.INFO:  :: File [C:\xampp\htdocs\aculyse\app\install/relations/views/a_school_trs_dropper.sql] [] []
[2016-03-05 08:25:30] user.INFO:  :: File [C:\xampp\htdocs\aculyse\app\install/relations/views/a_trs_and_subjects_dropper.sql] [] []
[2016-03-05 08:25:30] user.INFO:  :: File [C:\xampp\htdocs\aculyse\app\install/relations/views/a_trs_and_subjects_dropper.sql] [] []
[2016-03-05 08:25:30] user.INFO:  :: File [C:\xampp\htdocs\aculyse\app\install/relations/views/a_trs_and_subjects_dropper.sql] [] []
[2016-03-05 08:25:30] user.INFO:  :: File [C:\xampp\htdocs\aculyse\app\install/relations/views/a_trs_and_subjects_dropper.sql] [] []
[2016-03-05 08:25:30] user.INFO:  :: File [C:\xampp\htdocs\aculyse\app\install/relations/views/a_trs_and_subjects_dropper.sql] [] []
[2016-03-05 08:25:30] user.INFO:  :: File [C:\xampp\htdocs\aculyse\app\install/relations/views/a_trs_and_subjects_dropper.sql] [] []
[2016-03-05 08:25:30] user.INFO:  :: File [C:\xampp\htdocs\aculyse\app\install/relations/views/a_trs_and_subjects_dropper.sql] [] []
[2016-03-05 08:25:30] user.INFO:  :: File [C:\xampp\htdocs\aculyse\app\install/relations/views/a_trs_and_subjects_dropper.sql] [] []
[2016-03-05 08:25:30] user.INFO:  :: File [C:\xampp\htdocs\aculyse\app\install/relations/views/a_trs_and_subjects_dropper.sql] [] []
[2016-03-05 08:25:30] user.INFO:  :: File [C:\xampp\htdocs\aculyse\app\install/relations/views/a_trs_and_subjects_dropper.sql] [] []
[2016-03-05 08:25:30] user.INFO:  :: File [C:\xampp\htdocs\aculyse\app\install/relations/views/a_trs_and_subjects_dropper.sql] [] []
[2016-03-05 08:25:30] user.INFO:  :: File [C:\xampp\htdocs\aculyse\app\install/relations/views/a_trs_and_subjects_dropper.sql] [] []
[2016-03-05 08:25:30] user.INFO:  :: File [C:\xampp\htdocs\aculyse\app\install/relations/views/a_trs_and_subjects_dropper.sql] [] []
[2016-03-05 08:25:30] user.INFO:  :: File [C:\xampp\htdocs\aculyse\app\install/relations/views/a_trs_and_subjects_dropper.sql] [] []
[2016-03-05 08:25:30] user.INFO:  :: File [C:\xampp\htdocs\aculyse\app\install/relations/views/a_trs_and_subjects_dropper.sql] [] []
[2016-03-05 08:25:30] user.INFO:  :: File [C:\xampp\htdocs\aculyse\app\install/relations/views/a_trs_and_subjects_dropper.sql] [] []
[2016-03-05 08:25:30] user.INFO:  :: File [C:\xampp\htdocs\aculyse\app\install/relations/views/profile_marks_view.sql] [] []
[2016-03-05 08:25:30] user.INFO:  :: File [C:\xampp\htdocs\aculyse\app\install/relations/views/profile_marks_view.sql] [] []
[2016-03-05 08:25:30] user.INFO:  :: File [C:\xampp\htdocs\aculyse\app\install/relations/views/profile_marks_view.sql] [] []
[2016-03-05 08:25:30] user.INFO:  :: File [C:\xampp\htdocs\aculyse\app\install/relations/views/profile_marks_view.sql] [] []
[2016-03-05 08:25:30] user.INFO:  :: File [C:\xampp\htdocs\aculyse\app\install/relations/views/profile_marks_view.sql] [] []
[2016-03-05 08:25:30] user.INFO:  :: File [C:\xampp\htdocs\aculyse\app\install/relations/views/profile_marks_view.sql] [] []
[2016-03-05 08:25:30] user.INFO:  :: File [C:\xampp\htdocs\aculyse\app\install/relations/views/profile_marks_view.sql] [] []
[2016-03-05 08:25:30] user.INFO:  :: File [C:\xampp\htdocs\aculyse\app\install/relations/views/profile_marks_view.sql] [] []
[2016-03-05 08:25:30] user.INFO:  :: File [C:\xampp\htdocs\aculyse\app\install/relations/views/profile_marks_view.sql] [] []
[2016-03-05 08:25:30] user.INFO:  :: File [C:\xampp\htdocs\aculyse\app\install/relations/views/profile_marks_view.sql] [] []
[2016-03-05 08:25:30] user.INFO:  :: File [C:\xampp\htdocs\aculyse\app\install/relations/views/profile_marks_view.sql] [] []
[2016-03-05 08:25:30] user.INFO:  :: File [C:\xampp\htdocs\aculyse\app\install/relations/views/profile_marks_view.sql] [] []
[2016-03-05 08:25:30] user.INFO:  :: File [C:\xampp\htdocs\aculyse\app\install/relations/views/profile_marks_view.sql] [] []
[2016-03-05 08:25:30] user.INFO:  :: File [C:\xampp\htdocs\aculyse\app\install/relations/views/profile_marks_view.sql] [] []
[2016-03-05 08:25:30] user.INFO:  :: File [C:\xampp\htdocs\aculyse\app\install/relations/views/profile_marks_view.sql] [] []
[2016-03-05 08:25:30] user.INFO:  :: File [C:\xampp\htdocs\aculyse\app\install/relations/views/profile_marks_view.sql] [] []
[2016-03-05 08:25:30] user.INFO:  :: File [C:\xampp\htdocs\aculyse\app\install/relations/views/profile_marks_view.sql] [] []
[2016-03-05 08:25:30] user.INFO:  :: File [C:\xampp\htdocs\aculyse\app\install/relations/views/school_trs_view.sql] [] []
[2016-03-05 08:25:30] user.INFO:  :: File [C:\xampp\htdocs\aculyse\app\install/relations/views/school_trs_view.sql] [] []
[2016-03-05 08:25:30] user.INFO:  :: File [C:\xampp\htdocs\aculyse\app\install/relations/views/school_trs_view.sql] [] []
[2016-03-05 08:25:30] user.INFO:  :: File [C:\xampp\htdocs\aculyse\app\install/relations/views/school_trs_view.sql] [] []
[2016-03-05 08:25:30] user.INFO:  :: File [C:\xampp\htdocs\aculyse\app\install/relations/views/school_trs_view.sql] [] []
[2016-03-05 08:25:30] user.INFO:  :: File [C:\xampp\htdocs\aculyse\app\install/relations/views/school_trs_view.sql] [] []
[2016-03-05 08:25:30] user.INFO:  :: File [C:\xampp\htdocs\aculyse\app\install/relations/views/school_trs_view.sql] [] []
[2016-03-05 08:25:30] user.INFO:  :: File [C:\xampp\htdocs\aculyse\app\install/relations/views/school_trs_view.sql] [] []
[2016-03-05 08:25:30] user.INFO:  :: File [C:\xampp\htdocs\aculyse\app\install/relations/views/school_trs_view.sql] [] []
[2016-03-05 08:25:30] user.INFO:  :: File [C:\xampp\htdocs\aculyse\app\install/relations/views/school_trs_view.sql] [] []
[2016-03-05 08:25:30] user.INFO:  :: File [C:\xampp\htdocs\aculyse\app\install/relations/views/school_trs_view.sql] [] []
[2016-03-05 08:25:30] user.INFO:  :: File [C:\xampp\htdocs\aculyse\app\install/relations/views/school_trs_view.sql] [] []
[2016-03-05 08:25:30] user.INFO:  :: File [C:\xampp\htdocs\aculyse\app\install/relations/views/school_trs_view.sql] [] []
[2016-03-05 08:25:30] user.INFO:  :: File [C:\xampp\htdocs\aculyse\app\install/relations/views/school_trs_view.sql] [] []
[2016-03-05 08:25:30] user.INFO:  :: File [C:\xampp\htdocs\aculyse\app\install/relations/views/school_trs_view.sql] [] []
[2016-03-05 08:25:30] user.INFO:  :: File [C:\xampp\htdocs\aculyse\app\install/relations/views/school_trs_view.sql] [] []
[2016-03-05 08:25:30] user.INFO:  :: File [C:\xampp\htdocs\aculyse\app\install/relations/views/school_trs_view.sql] [] []
[2016-03-05 08:25:30] user.INFO:  :: File [C:\xampp\htdocs\aculyse\app\install/relations/views/school_trs_view.sql] [] []
[2016-03-05 08:25:30] user.INFO:  :: File [C:\xampp\htdocs\aculyse\app\install/relations/views/trs_and_subjects_view.sql] [] []
[2016-03-05 08:25:30] user.INFO:  :: File [C:\xampp\htdocs\aculyse\app\install/relations/views/trs_and_subjects_view.sql] [] []
[2016-03-05 08:25:30] user.INFO:  :: File [C:\xampp\htdocs\aculyse\app\install/relations/views/trs_and_subjects_view.sql] [] []
[2016-03-05 08:25:30] user.INFO:  :: File [C:\xampp\htdocs\aculyse\app\install/relations/views/trs_and_subjects_view.sql] [] []
[2016-03-05 08:25:30] user.INFO:  :: File [C:\xampp\htdocs\aculyse\app\install/relations/views/trs_and_subjects_view.sql] [] []
[2016-03-05 08:25:30] user.INFO:  :: File [C:\xampp\htdocs\aculyse\app\install/relations/views/trs_and_subjects_view.sql] [] []
[2016-03-05 08:25:30] user.INFO:  :: File [C:\xampp\htdocs\aculyse\app\install/relations/views/trs_and_subjects_view.sql] [] []
[2016-03-05 08:25:30] user.INFO:  :: File [C:\xampp\htdocs\aculyse\app\install/relations/views/trs_and_subjects_view.sql] [] []
[2016-03-05 08:25:30] user.INFO:  :: File [C:\xampp\htdocs\aculyse\app\install/relations/views/trs_and_subjects_view.sql] [] []
[2016-03-05 08:25:30] user.INFO:  :: File [C:\xampp\htdocs\aculyse\app\install/relations/views/trs_and_subjects_view.sql] [] []
[2016-03-05 08:25:30] user.INFO:  :: File [C:\xampp\htdocs\aculyse\app\install/relations/views/trs_and_subjects_view.sql] [] []
[2016-03-05 08:25:30] user.INFO:  :: File [C:\xampp\htdocs\aculyse\app\install/relations/views/trs_and_subjects_view.sql] [] []
[2016-03-05 08:25:30] user.INFO:  :: File [C:\xampp\htdocs\aculyse\app\install/relations/views/trs_and_subjects_view.sql] [] []
[2016-03-05 08:25:30] user.INFO:  :: File [C:\xampp\htdocs\aculyse\app\install/relations/views/trs_and_subjects_view.sql] [] []
[2016-03-05 08:25:30] user.INFO:  :: File [C:\xampp\htdocs\aculyse\app\install/relations/views/trs_and_subjects_view.sql] [] []
[2016-03-05 08:25:30] user.INFO:  :: File [C:\xampp\htdocs\aculyse\app\install/relations/views/trs_and_subjects_view.sql] [] []
[2016-03-05 08:25:30] user.INFO:  :: File [C:\xampp\htdocs\aculyse\app\install/relations/views/trs_and_subjects_view.sql] [] []
[2016-03-05 08:25:30] user.INFO:  :: File [C:\xampp\htdocs\aculyse\app\install/relations/views/trs_and_subjects_view.sql] [] []
[2016-03-05 08:25:30] user.INFO:  :: File [C:\xampp\htdocs\aculyse\app\install/relations/views/trs_and_subjects_view.sql] [] []
[2016-03-05 08:30:49] user.INFO: Multiple primary key defined :: Query [ALTER  TABLE `access_log`  ADD PRIMARY KEY (`id`);  ] [] []
[2016-03-05 08:30:49] user.INFO: Multiple primary key defined :: Query [ALTER  TABLE `account_types`  ADD PRIMARY KEY (`id`);  ] [] []
[2016-03-05 08:30:49] user.INFO: Multiple primary key defined :: Query [ALTER  TABLE `account_types`  ADD PRIMARY KEY (`id`);  ] [] []
[2016-03-05 08:30:49] user.INFO: Multiple primary key defined :: Query [ALTER  TABLE `activity_log`  ADD PRIMARY KEY (`id`);  ] [] []
[2016-03-05 08:30:49] user.INFO: Multiple primary key defined :: Query [ALTER  TABLE `activity_log`  ADD PRIMARY KEY (`id`);  ] [] []
[2016-03-05 08:30:49] user.INFO: Multiple primary key defined :: Query [ALTER  TABLE `activity_log`  ADD PRIMARY KEY (`id`);  ] [] []
[2016-03-05 08:30:49] user.INFO: Multiple primary key defined :: Query [ALTER  TABLE `classes`  ADD PRIMARY KEY (`class_id`);   ] [] []
[2016-03-05 08:30:49] user.INFO: Multiple primary key defined :: Query [ALTER  TABLE `classes`  ADD PRIMARY KEY (`class_id`);   ] [] []
[2016-03-05 08:30:49] user.INFO: Multiple primary key defined :: Query [ALTER  TABLE `classes`  ADD PRIMARY KEY (`class_id`);   ] [] []
[2016-03-05 08:30:49] user.INFO: Multiple primary key defined :: Query [ALTER  TABLE `classes`  ADD PRIMARY KEY (`class_id`);   ] [] []
[2016-03-05 08:30:49] user.INFO: Multiple primary key defined :: Query [ALTER  TABLE `licenses`  ADD PRIMARY KEY (`key`);   ] [] []
[2016-03-05 08:30:49] user.INFO: Multiple primary key defined :: Query [ALTER  TABLE `licenses`  ADD PRIMARY KEY (`key`);   ] [] []
[2016-03-05 08:30:49] user.INFO: Multiple primary key defined :: Query [ALTER  TABLE `licenses`  ADD PRIMARY KEY (`key`);   ] [] []
[2016-03-05 08:30:49] user.INFO: Multiple primary key defined :: Query [ALTER  TABLE `licenses`  ADD PRIMARY KEY (`key`);   ] [] []
[2016-03-05 08:30:49] user.INFO: Multiple primary key defined :: Query [ALTER  TABLE `licenses`  ADD PRIMARY KEY (`key`);   ] [] []
[2016-03-05 08:30:49] user.INFO: Multiple primary key defined :: Query [ALTER  TABLE `marks`  ADD PRIMARY KEY (`id`), ADD KEY `college number` (`student id`);   ] [] []
[2016-03-05 08:30:49] user.INFO: Multiple primary key defined :: Query [ALTER  TABLE `marks`  ADD PRIMARY KEY (`id`), ADD KEY `college number` (`student id`);   ] [] []
[2016-03-05 08:30:49] user.INFO: Multiple primary key defined :: Query [ALTER  TABLE `marks`  ADD PRIMARY KEY (`id`), ADD KEY `college number` (`student id`);   ] [] []
[2016-03-05 08:30:49] user.INFO: Multiple primary key defined :: Query [ALTER  TABLE `marks`  ADD PRIMARY KEY (`id`), ADD KEY `college number` (`student id`);   ] [] []
[2016-03-05 08:30:49] user.INFO: Multiple primary key defined :: Query [ALTER  TABLE `marks`  ADD PRIMARY KEY (`id`), ADD KEY `college number` (`student id`);   ] [] []
[2016-03-05 08:30:49] user.INFO: Multiple primary key defined :: Query [ALTER  TABLE `marks`  ADD PRIMARY KEY (`id`), ADD KEY `college number` (`student id`);   ] [] []
[2016-03-05 08:30:49] user.INFO: Multiple primary key defined :: Query [ALTER  TABLE `profiles`  ADD PRIMARY KEY (`id`);  ] [] []
[2016-03-05 08:30:49] user.INFO: Multiple primary key defined :: Query [ALTER  TABLE `profiles`  ADD PRIMARY KEY (`id`);  ] [] []
[2016-03-05 08:30:49] user.INFO: Multiple primary key defined :: Query [ALTER  TABLE `profiles`  ADD PRIMARY KEY (`id`);  ] [] []
[2016-03-05 08:30:49] user.INFO: Multiple primary key defined :: Query [ALTER  TABLE `profiles`  ADD PRIMARY KEY (`id`);  ] [] []
[2016-03-05 08:30:49] user.INFO: Multiple primary key defined :: Query [ALTER  TABLE `profiles`  ADD PRIMARY KEY (`id`);  ] [] []
[2016-03-05 08:30:49] user.INFO: Multiple primary key defined :: Query [ALTER  TABLE `profiles`  ADD PRIMARY KEY (`id`);  ] [] []
[2016-03-05 08:30:49] user.INFO: Multiple primary key defined :: Query [ALTER  TABLE `profiles`  ADD PRIMARY KEY (`id`);  ] [] []
[2016-03-05 08:30:49] user.INFO: Multiple primary key defined :: Query [ALTER  TABLE `schools`  ADD PRIMARY KEY (`id`);  ] [] []
[2016-03-05 08:30:49] user.INFO: Multiple primary key defined :: Query [ALTER  TABLE `schools`  ADD PRIMARY KEY (`id`);  ] [] []
[2016-03-05 08:30:49] user.INFO: Multiple primary key defined :: Query [ALTER  TABLE `schools`  ADD PRIMARY KEY (`id`);  ] [] []
[2016-03-05 08:30:49] user.INFO: Multiple primary key defined :: Query [ALTER  TABLE `schools`  ADD PRIMARY KEY (`id`);  ] [] []
[2016-03-05 08:30:49] user.INFO: Multiple primary key defined :: Query [ALTER  TABLE `schools`  ADD PRIMARY KEY (`id`);  ] [] []
[2016-03-05 08:30:49] user.INFO: Multiple primary key defined :: Query [ALTER  TABLE `schools`  ADD PRIMARY KEY (`id`);  ] [] []
[2016-03-05 08:30:49] user.INFO: Multiple primary key defined :: Query [ALTER  TABLE `schools`  ADD PRIMARY KEY (`id`);  ] [] []
[2016-03-05 08:30:49] user.INFO: Multiple primary key defined :: Query [ALTER  TABLE `schools`  ADD PRIMARY KEY (`id`);  ] [] []
[2016-03-05 08:30:49] user.INFO: Multiple primary key defined :: Query [ALTER  TABLE `students`  ADD PRIMARY KEY (`student_id`), ADD UNIQUE KEY `id` (`id`), ADD KEY `class name` (`class_name`), ADD KEY `class of` (`class of`);   ] [] []
[2016-03-05 08:30:49] user.INFO: Multiple primary key defined :: Query [ALTER  TABLE `students`  ADD PRIMARY KEY (`student_id`), ADD UNIQUE KEY `id` (`id`), ADD KEY `class name` (`class_name`), ADD KEY `class of` (`class of`);   ] [] []
[2016-03-05 08:30:49] user.INFO: Multiple primary key defined :: Query [ALTER  TABLE `students`  ADD PRIMARY KEY (`student_id`), ADD UNIQUE KEY `id` (`id`), ADD KEY `class name` (`class_name`), ADD KEY `class of` (`class of`);   ] [] []
[2016-03-05 08:30:49] user.INFO: Multiple primary key defined :: Query [ALTER  TABLE `students`  ADD PRIMARY KEY (`student_id`), ADD UNIQUE KEY `id` (`id`), ADD KEY `class name` (`class_name`), ADD KEY `class of` (`class of`);   ] [] []
[2016-03-05 08:30:49] user.INFO: Multiple primary key defined :: Query [ALTER  TABLE `students`  ADD PRIMARY KEY (`student_id`), ADD UNIQUE KEY `id` (`id`), ADD KEY `class name` (`class_name`), ADD KEY `class of` (`class of`);   ] [] []
[2016-03-05 08:30:49] user.INFO: Multiple primary key defined :: Query [ALTER  TABLE `students`  ADD PRIMARY KEY (`student_id`), ADD UNIQUE KEY `id` (`id`), ADD KEY `class name` (`class_name`), ADD KEY `class of` (`class of`);   ] [] []
[2016-03-05 08:30:49] user.INFO: Multiple primary key defined :: Query [ALTER  TABLE `students`  ADD PRIMARY KEY (`student_id`), ADD UNIQUE KEY `id` (`id`), ADD KEY `class name` (`class_name`), ADD KEY `class of` (`class of`);   ] [] []
[2016-03-05 08:30:49] user.INFO: Multiple primary key defined :: Query [ALTER  TABLE `students`  ADD PRIMARY KEY (`student_id`), ADD UNIQUE KEY `id` (`id`), ADD KEY `class name` (`class_name`), ADD KEY `class of` (`class of`);   ] [] []
[2016-03-05 08:30:49] user.INFO: Multiple primary key defined :: Query [ALTER  TABLE `students`  ADD PRIMARY KEY (`student_id`), ADD UNIQUE KEY `id` (`id`), ADD KEY `class name` (`class_name`), ADD KEY `class of` (`class of`);   ] [] []
[2016-03-05 08:30:49] user.INFO: Multiple primary key defined :: Query [ALTER  TABLE `subjects`  ADD PRIMARY KEY (`id`);  ] [] []
[2016-03-05 08:30:49] user.INFO: Multiple primary key defined :: Query [ALTER  TABLE `subjects`  ADD PRIMARY KEY (`id`);  ] [] []
[2016-03-05 08:30:49] user.INFO: Multiple primary key defined :: Query [ALTER  TABLE `subjects`  ADD PRIMARY KEY (`id`);  ] [] []
[2016-03-05 08:30:49] user.INFO: Multiple primary key defined :: Query [ALTER  TABLE `subjects`  ADD PRIMARY KEY (`id`);  ] [] []
[2016-03-05 08:30:49] user.INFO: Multiple primary key defined :: Query [ALTER  TABLE `subjects`  ADD PRIMARY KEY (`id`);  ] [] []
[2016-03-05 08:30:49] user.INFO: Multiple primary key defined :: Query [ALTER  TABLE `subjects`  ADD PRIMARY KEY (`id`);  ] [] []
[2016-03-05 08:30:49] user.INFO: Multiple primary key defined :: Query [ALTER  TABLE `subjects`  ADD PRIMARY KEY (`id`);  ] [] []
[2016-03-05 08:30:49] user.INFO: Multiple primary key defined :: Query [ALTER  TABLE `subjects`  ADD PRIMARY KEY (`id`);  ] [] []
[2016-03-05 08:30:49] user.INFO: Multiple primary key defined :: Query [ALTER  TABLE `subjects`  ADD PRIMARY KEY (`id`);  ] [] []
[2016-03-05 08:30:49] user.INFO: Multiple primary key defined :: Query [ALTER  TABLE `subjects`  ADD PRIMARY KEY (`id`);  ] [] []
[2016-03-05 08:30:49] user.INFO: Multiple primary key defined :: Query [ALTER  TABLE `trs and subjects`  ADD PRIMARY KEY (`id`);  ] [] []
[2016-03-05 08:30:49] user.INFO: Multiple primary key defined :: Query [ALTER  TABLE `trs and subjects`  ADD PRIMARY KEY (`id`);  ] [] []
[2016-03-05 08:30:49] user.INFO: Multiple primary key defined :: Query [ALTER  TABLE `trs and subjects`  ADD PRIMARY KEY (`id`);  ] [] []
[2016-03-05 08:30:49] user.INFO: Multiple primary key defined :: Query [ALTER  TABLE `trs and subjects`  ADD PRIMARY KEY (`id`);  ] [] []
[2016-03-05 08:30:49] user.INFO: Multiple primary key defined :: Query [ALTER  TABLE `trs and subjects`  ADD PRIMARY KEY (`id`);  ] [] []
[2016-03-05 08:30:49] user.INFO: Multiple primary key defined :: Query [ALTER  TABLE `trs and subjects`  ADD PRIMARY KEY (`id`);  ] [] []
[2016-03-05 08:30:49] user.INFO: Multiple primary key defined :: Query [ALTER  TABLE `trs and subjects`  ADD PRIMARY KEY (`id`);  ] [] []
[2016-03-05 08:30:49] user.INFO: Multiple primary key defined :: Query [ALTER  TABLE `trs and subjects`  ADD PRIMARY KEY (`id`);  ] [] []
[2016-03-05 08:30:49] user.INFO: Multiple primary key defined :: Query [ALTER  TABLE `trs and subjects`  ADD PRIMARY KEY (`id`);  ] [] []
[2016-03-05 08:30:49] user.INFO: Multiple primary key defined :: Query [ALTER  TABLE `trs and subjects`  ADD PRIMARY KEY (`id`);  ] [] []
[2016-03-05 08:30:49] user.INFO: Multiple primary key defined :: Query [ALTER  TABLE `trs and subjects`  ADD PRIMARY KEY (`id`);  ] [] []
[2016-03-05 08:30:49] user.INFO: Multiple primary key defined :: Query [ALTER  TABLE `users`  ADD PRIMARY KEY (`teacher id`), ADD UNIQUE KEY `username` (`username`);   ] [] []
[2016-03-05 08:30:49] user.INFO: Multiple primary key defined :: Query [ALTER  TABLE `users`  ADD PRIMARY KEY (`teacher id`), ADD UNIQUE KEY `username` (`username`);   ] [] []
[2016-03-05 08:30:49] user.INFO: Multiple primary key defined :: Query [ALTER  TABLE `users`  ADD PRIMARY KEY (`teacher id`), ADD UNIQUE KEY `username` (`username`);   ] [] []
[2016-03-05 08:30:49] user.INFO: Multiple primary key defined :: Query [ALTER  TABLE `users`  ADD PRIMARY KEY (`teacher id`), ADD UNIQUE KEY `username` (`username`);   ] [] []
[2016-03-05 08:30:49] user.INFO: Multiple primary key defined :: Query [ALTER  TABLE `users`  ADD PRIMARY KEY (`teacher id`), ADD UNIQUE KEY `username` (`username`);   ] [] []
[2016-03-05 08:30:49] user.INFO: Multiple primary key defined :: Query [ALTER  TABLE `users`  ADD PRIMARY KEY (`teacher id`), ADD UNIQUE KEY `username` (`username`);   ] [] []
[2016-03-05 08:30:49] user.INFO: Multiple primary key defined :: Query [ALTER  TABLE `users`  ADD PRIMARY KEY (`teacher id`), ADD UNIQUE KEY `username` (`username`);   ] [] []
[2016-03-05 08:30:49] user.INFO: Multiple primary key defined :: Query [ALTER  TABLE `users`  ADD PRIMARY KEY (`teacher id`), ADD UNIQUE KEY `username` (`username`);   ] [] []
[2016-03-05 08:30:49] user.INFO: Multiple primary key defined :: Query [ALTER  TABLE `users`  ADD PRIMARY KEY (`teacher id`), ADD UNIQUE KEY `username` (`username`);   ] [] []
[2016-03-05 08:30:49] user.INFO: Multiple primary key defined :: Query [ALTER  TABLE `users`  ADD PRIMARY KEY (`teacher id`), ADD UNIQUE KEY `username` (`username`);   ] [] []
[2016-03-05 08:30:49] user.INFO: Multiple primary key defined :: Query [ALTER  TABLE `users`  ADD PRIMARY KEY (`teacher id`), ADD UNIQUE KEY `username` (`username`);   ] [] []
[2016-03-05 08:30:49] user.INFO: Multiple primary key defined :: Query [ALTER  TABLE `users`  ADD PRIMARY KEY (`teacher id`), ADD UNIQUE KEY `username` (`username`);   ] [] []
[2016-03-06 23:06:32] user.INFO: Table 'profiles_and_marks' already exists :: File [C:\xampp\htdocs\aculyse\app\install/relations/views/profile_marks_view.sql] [] []
[2016-03-06 23:06:32] user.INFO: Table 'school_trs_view' already exists :: File [C:\xampp\htdocs\aculyse\app\install/relations/views/school_trs_view.sql] [] []
[2016-03-06 23:06:32] user.INFO: Table 'school_trs_view' already exists :: File [C:\xampp\htdocs\aculyse\app\install/relations/views/school_trs_view.sql] [] []
[2016-03-06 23:06:32] user.INFO: Table 'teacher_with_their_subjects' already exists :: File [C:\xampp\htdocs\aculyse\app\install/relations/views/trs_and_subjects_view.sql] [] []
[2016-03-06 23:06:32] user.INFO: Table 'teacher_with_their_subjects' already exists :: File [C:\xampp\htdocs\aculyse\app\install/relations/views/trs_and_subjects_view.sql] [] []
[2016-03-06 23:06:32] user.INFO: Table 'teacher_with_their_subjects' already exists :: File [C:\xampp\htdocs\aculyse\app\install/relations/views/trs_and_subjects_view.sql] [] []
[2016-03-06 23:08:20] user.INFO: Table 'profiles_and_marks' already exists :: File [C:\xampp\htdocs\aculyse\app\install/relations/views/profile_marks_view.sql] [] []
[2016-03-06 23:08:20] user.INFO: Table 'school_trs_view' already exists :: File [C:\xampp\htdocs\aculyse\app\install/relations/views/school_trs_view.sql] [] []
[2016-03-06 23:08:20] user.INFO: Table 'school_trs_view' already exists :: File [C:\xampp\htdocs\aculyse\app\install/relations/views/school_trs_view.sql] [] []
[2016-03-06 23:08:20] user.INFO: Table 'teacher_with_their_subjects' already exists :: File [C:\xampp\htdocs\aculyse\app\install/relations/views/trs_and_subjects_view.sql] [] []
[2016-03-06 23:08:20] user.INFO: Table 'teacher_with_their_subjects' already exists :: File [C:\xampp\htdocs\aculyse\app\install/relations/views/trs_and_subjects_view.sql] [] []
[2016-03-06 23:08:20] user.INFO: Table 'teacher_with_their_subjects' already exists :: File [C:\xampp\htdocs\aculyse\app\install/relations/views/trs_and_subjects_view.sql] [] []
[2016-03-06 23:08:24] user.INFO: Table 'profiles_and_marks' already exists :: File [C:\xampp\htdocs\aculyse\app\install/relations/views/profile_marks_view.sql] [] []
[2016-03-06 23:08:24] user.INFO: Table 'school_trs_view' already exists :: File [C:\xampp\htdocs\aculyse\app\install/relations/views/school_trs_view.sql] [] []
[2016-03-06 23:08:24] user.INFO: Table 'school_trs_view' already exists :: File [C:\xampp\htdocs\aculyse\app\install/relations/views/school_trs_view.sql] [] []
[2016-03-06 23:08:24] user.INFO: Table 'teacher_with_their_subjects' already exists :: File [C:\xampp\htdocs\aculyse\app\install/relations/views/trs_and_subjects_view.sql] [] []
[2016-03-06 23:08:24] user.INFO: Table 'teacher_with_their_subjects' already exists :: File [C:\xampp\htdocs\aculyse\app\install/relations/views/trs_and_subjects_view.sql] [] []
[2016-03-06 23:08:24] user.INFO: Table 'teacher_with_their_subjects' already exists :: File [C:\xampp\htdocs\aculyse\app\install/relations/views/trs_and_subjects_view.sql] [] []
[2016-03-06 23:10:16] user.INFO: Table 'profiles_and_marks' already exists :: File [C:\xampp\htdocs\aculyse\app\install/relations/views/profile_marks_view.sql] [] []
[2016-03-06 23:10:16] user.INFO: Table 'school_trs_view' already exists :: File [C:\xampp\htdocs\aculyse\app\install/relations/views/school_trs_view.sql] [] []
[2016-03-06 23:10:16] user.INFO: Table 'school_trs_view' already exists :: File [C:\xampp\htdocs\aculyse\app\install/relations/views/school_trs_view.sql] [] []
[2016-03-06 23:10:16] user.INFO: Table 'teacher_with_their_subjects' already exists :: File [C:\xampp\htdocs\aculyse\app\install/relations/views/trs_and_subjects_view.sql] [] []
[2016-03-06 23:10:16] user.INFO: Table 'teacher_with_their_subjects' already exists :: File [C:\xampp\htdocs\aculyse\app\install/relations/views/trs_and_subjects_view.sql] [] []
[2016-03-06 23:10:16] user.INFO: Table 'teacher_with_their_subjects' already exists :: File [C:\xampp\htdocs\aculyse\app\install/relations/views/trs_and_subjects_view.sql] [] []
